# JRE version: OpenJDK Runtime Environment Microsoft-25199 (11.0.12+7) (build 11.0.12+7)
# Java VM: OpenJDK 64-Bit Server VM Microsoft-25199 (11.0.12+7, mixed mode, tiered, compressed oops, g1 gc, bsd-amd64)
Heap:
 garbage-first heap   total 262144K, used 56452K [0x0000000700000000, 0x0000000800000000)
  region size 1024K, 4 young (4096K), 1 survivors (1024K)
 Metaspace       used 16044K, capacity 16495K, committed 16768K, reserved 1064960K
  class space    used 1674K, capacity 1856K, committed 1920K, reserved 1048576K
GC Heap History (20 events):
Event: 5.931 GC heap before
{Heap before GC invocations=8 (full 0):
 garbage-first heap   total 262144K, used 118844K [0x0000000700000000, 0x0000000800000000)
  region size 1024K, 3 young (3072K), 1 survivors (1024K)
 Metaspace       used 15744K, capacity 16204K, committed 16512K, reserved 1064960K
  class space    used 1648K, capacity 1823K, committed 1920K, reserved 1048576K
}
Event: 5.933 GC heap after
{Heap after GC invocations=9 (full 0):
 garbage-first heap   total 262144K, used 116708K [0x0000000700000000, 0x0000000800000000)
  region size 1024K, 1 young (1024K), 1 survivors (1024K)
 Metaspace       used 15744K, capacity 16204K, committed 16512K, reserved 1064960K
  class space    used 1648K, capacity 1823K, committed 1920K, reserved 1048576K
}
Event: 5.951 GC heap before
{Heap before GC invocations=10 (full 0):
 garbage-first heap   total 262144K, used 117732K [0x0000000700000000, 0x0000000800000000)
  region size 1024K, 2 young (2048K), 1 survivors (1024K)
 Metaspace       used 15747K, capacity 16204K, committed 16512K, reserved 1064960K
  class space    used 1648K, capacity 1823K, committed 1920K, reserved 1048576K
}
Event: 5.952 GC heap after
{Heap after GC invocations=11 (full 0):
 garbage-first heap   total 262144K, used 32717K [0x0000000700000000, 0x0000000800000000)
  region size 1024K, 1 young (1024K), 1 survivors (1024K)
 Metaspace       used 15747K, capacity 16204K, committed 16512K, reserved 1064960K
  class space    used 1648K, capacity 1823K, committed 1920K, reserved 1048576K
}
Event: 7.546 GC heap before
{Heap before GC invocations=12 (full 0):
 garbage-first heap   total 262144K, used 118733K [0x0000000700000000, 0x0000000800000000)
  region size 1024K, 3 young (3072K), 1 survivors (1024K)
 Metaspace       used 15774K, capacity 16204K, committed 16512K, reserved 1064960K
  class space    used 1648K, capacity 1823K, committed 1920K, reserved 1048576K
}
Event: 7.549 GC heap after
{Heap after GC invocations=13 (full 0):
 garbage-first heap   total 262144K, used 117800K [0x0000000700000000, 0x0000000800000000)
  region size 1024K, 1 young (1024K), 1 survivors (1024K)
 Metaspace       used 15774K, capacity 16204K, committed 16512K, reserved 1064960K
  class space    used 1648K, capacity 1823K, committed 1920K, reserved 1048576K
}
Event: 7.569 GC heap before
{Heap before GC invocations=14 (full 0):
 garbage-first heap   total 262144K, used 118824K [0x0000000700000000, 0x0000000800000000)
  region size 1024K, 2 young (2048K), 1 survivors (1024K)
 Metaspace       used 15774K, capacity 16204K, committed 16512K, reserved 1064960K
  class space    used 1648K, capacity 1823K, committed 1920K, reserved 1048576K
}
Event: 7.570 GC heap after
{Heap after GC invocations=15 (full 0):
 garbage-first heap   total 262144K, used 32805K [0x0000000700000000, 0x0000000800000000)
  region size 1024K, 1 young (1024K), 1 survivors (1024K)
 Metaspace       used 15774K, capacity 16204K, committed 16512K, reserved 1064960K
  class space    used 1648K, capacity 1823K, committed 1920K, reserved 1048576K
}
Event: 9.122 GC heap before
{Heap before GC invocations=16 (full 0):
 garbage-first heap   total 262144K, used 118821K [0x0000000700000000, 0x0000000800000000)
  region size 1024K, 3 young (3072K), 1 survivors (1024K)
 Metaspace       used 15819K, capacity 16268K, committed 16512K, reserved 1064960K
  class space    used 1648K, capacity 1823K, committed 1920K, reserved 1048576K
}
Event: 9.125 GC heap after
{Heap after GC invocations=17 (full 0):
 garbage-first heap   total 262144K, used 116781K [0x0000000700000000, 0x0000000800000000)
  region size 1024K, 1 young (1024K), 1 survivors (1024K)
 Metaspace       used 15819K, capacity 16268K, committed 16512K, reserved 1064960K
  class space    used 1648K, capacity 1823K, committed 1920K, reserved 1048576K
}
Event: 9.149 GC heap before
{Heap before GC invocations=18 (full 0):
 garbage-first heap   total 262144K, used 117805K [0x0000000700000000, 0x0000000800000000)
  region size 1024K, 2 young (2048K), 1 survivors (1024K)
 Metaspace       used 15823K, capacity 16268K, committed 16512K, reserved 1064960K
  class space    used 1648K, capacity 1823K, committed 1920K, reserved 1048576K
}
Event: 9.151 GC heap after
{Heap after GC invocations=19 (full 0):
 garbage-first heap   total 262144K, used 32807K [0x0000000700000000, 0x0000000800000000)
  region size 1024K, 1 young (1024K), 1 survivors (1024K)
 Metaspace       used 15823K, capacity 16268K, committed 16512K, reserved 1064960K
  class space    used 1648K, capacity 1823K, committed 1920K, reserved 1048576K
}
Event: 10.696 GC heap before
{Heap before GC invocations=20 (full 0):
 garbage-first heap   total 262144K, used 118823K [0x0000000700000000, 0x0000000800000000)
  region size 1024K, 3 young (3072K), 1 survivors (1024K)
 Metaspace       used 15888K, capacity 16332K, committed 16512K, reserved 1064960K
  class space    used 1648K, capacity 1823K, committed 1920K, reserved 1048576K
}
Event: 10.699 GC heap after
{Heap after GC invocations=21 (full 0):
 garbage-first heap   total 262144K, used 116783K [0x0000000700000000, 0x0000000800000000)
  region size 1024K, 1 young (1024K), 1 survivors (1024K)
 Metaspace       used 15888K, capacity 16332K, committed 16512K, reserved 1064960K
  class space    used 1648K, capacity 1823K, committed 1920K, reserved 1048576K
}
Event: 10.729 GC heap before
{Heap before GC invocations=22 (full 0):
 garbage-first heap   total 262144K, used 117807K [0x0000000700000000, 0x0000000800000000)
  region size 1024K, 2 young (2048K), 1 survivors (1024K)
 Metaspace       used 15888K, capacity 16332K, committed 16512K, reserved 1064960K
  class space    used 1648K, capacity 1823K, committed 1920K, reserved 1048576K
}
Event: 10.731 GC heap after
{Heap after GC invocations=23 (full 0):
 garbage-first heap   total 262144K, used 32807K [0x0000000700000000, 0x0000000800000000)
  region size 1024K, 1 young (1024K), 1 survivors (1024K)
 Metaspace       used 15888K, capacity 16332K, committed 16512K, reserved 1064960K
  class space    used 1648K, capacity 1823K, committed 1920K, reserved 1048576K
}
Event: 12.316 GC heap before
{Heap before GC invocations=24 (full 0):
 garbage-first heap   total 262144K, used 119847K [0x0000000700000000, 0x0000000800000000)
  region size 1024K, 4 young (4096K), 1 survivors (1024K)
 Metaspace       used 16040K, capacity 16495K, committed 16768K, reserved 1064960K
  class space    used 1674K, capacity 1856K, committed 1920K, reserved 1048576K
}
Event: 12.321 GC heap after
{Heap after GC invocations=25 (full 0):
 garbage-first heap   total 262144K, used 116878K [0x0000000700000000, 0x0000000800000000)
  region size 1024K, 1 young (1024K), 1 survivors (1024K)
 Metaspace       used 16040K, capacity 16495K, committed 16768K, reserved 1064960K
  class space    used 1674K, capacity 1856K, committed 1920K, reserved 1048576K
}
Event: 12.348 GC heap before
{Heap before GC invocations=26 (full 0):
 garbage-first heap   total 262144K, used 117902K [0x0000000700000000, 0x0000000800000000)
  region size 1024K, 2 young (2048K), 1 survivors (1024K)
 Metaspace       used 16040K, capacity 16495K, committed 16768K, reserved 1064960K
  class space    used 1674K, capacity 1856K, committed 1920K, reserved 1048576K
}
Event: 12.351 GC heap after
{Heap after GC invocations=27 (full 0):
 garbage-first heap   total 262144K, used 32900K [0x0000000700000000, 0x0000000800000000)
  region size 1024K, 1 young (1024K), 1 survivors (1024K)
 Metaspace       used 16040K, capacity 16495K, committed 16768K, reserved 1064960K
  class space    used 1674K, capacity 1856K, committed 1920K, reserved 1048576K
}

